{"message":"::1 - - [23/Nov/2019:22:18:17 +0000] \"GET /exchange?from=BRL&to=BTN&amount=2000 HTTP/1.1\" 200 16\n","level":"info","service":"user-service"}
{"message":"::1 - - [23/Nov/2019:22:18:36 +0000] \"GET /exchange?from=BRL&to=USD&amount=2000 HTTP/1.1\" 200 15\n","level":"info","service":"user-service"}
{"message":"::1 - - [23/Nov/2019:22:19:30 +0000] \"GET /exchange?from=BRL&to=USD&amount=2000 HTTP/1.1\" 200 29\n","level":"info","service":"user-service"}
{"message":"::1 - - [23/Nov/2019:22:19:58 +0000] \"GET /exchange?from=BRL&to=USD&amount=2000 HTTP/1.1\" 200 29\n","level":"info","service":"user-service"}
{"message":"::1 - - [23/Nov/2019:22:20:24 +0000] \"GET /exchange?from=BRL&to=USD&amount=2000 HTTP/1.1\" 200 29\n","level":"info","service":"user-service"}
{"message":"::1 - - [23/Nov/2019:22:21:28 +0000] \"GET /exchange?from=BRL&to=USD&amount=2000 HTTP/1.1\" 200 19\n","level":"info","service":"user-service"}
{"message":"::1 - - [23/Nov/2019:22:21:44 +0000] \"GET /exchange?from=EUR&to=USD&amount=2000 HTTP/1.1\" 200 20\n","level":"info","service":"user-service"}
{"message":"::1 - - [23/Nov/2019:22:31:53 +0000] \"GET /exchange?from=EUR&to=USD&amount=2000 HTTP/1.1\" 200 20\n","level":"info","service":"user-service"}
{"message":"::1 - - [23/Nov/2019:22:33:05 +0000] \"GET /exchange?from=EUR&to=USD&amount=2000 HTTP/1.1\" 200 20\n","level":"info","service":"user-service"}
{"message":"::1 - - [23/Nov/2019:22:33:35 +0000] \"GET /exchange?from=BRL&to=USD&amount=2000 HTTP/1.1\" 200 20\n","level":"info","service":"user-service"}
{"message":"::1 - - [23/Nov/2019:22:34:27 +0000] \"GET /exchange?from=BRL&to=USD&amount=2000 HTTP/1.1\" 200 19\n","level":"info","service":"user-service"}
{"message":"::1 - - [23/Nov/2019:22:34:36 +0000] \"GET /exchange?from=BRL&to=EUR&amount=2000 HTTP/1.1\" 200 19\n","level":"info","service":"user-service"}
{"message":"::1 - - [23/Nov/2019:22:38:09 +0000] \"GET /exchange?from=USD&to=EUR&amount=2000 HTTP/1.1\" 200 20\n","level":"info","service":"user-service"}
{"message":"::1 - - [23/Nov/2019:22:54:31 +0000] \"GET /exchange?from=USD&to=EUR&amount=2000 HTTP/1.1\" 200 20\n","level":"info","service":"user-service"}
{"message":"::1 - - [23/Nov/2019:22:55:02 +0000] \"GET /exchange?from=USD&to=BRL&amount=2000 HTTP/1.1\" 200 19\n","level":"info","service":"user-service"}
{"message":"::1 - - [23/Nov/2019:22:55:33 +0000] \"GET /exchange?from=USD&to=USD&amount=2000 HTTP/1.1\" 200 16\n","level":"info","service":"user-service"}
{"message":"::1 - - [23/Nov/2019:22:55:43 +0000] \"GET /exchange?from=EUR&to=USD&amount=2000 HTTP/1.1\" 200 20\n","level":"info","service":"user-service"}
{"message":"::1 - - [23/Nov/2019:22:55:53 +0000] \"GET /exchange?from=EUR&to=BRL&amount=2000 HTTP/1.1\" 200 19\n","level":"info","service":"user-service"}
{"message":"::1 - - [23/Nov/2019:22:56:59 +0000] \"GET /exchange?from=EUR&to=BRL&amount=2000 HTTP/1.1\" - -\n","level":"info","service":"user-service"}
{"message":"::1 - - [23/Nov/2019:22:57:40 +0000] \"GET /exchange?from=EUR&to=BRL&amount=2000 HTTP/1.1\" 200 20\n","level":"info","service":"user-service"}
{"message":"::1 - - [23/Nov/2019:23:01:05 +0000] \"GET /exchange?from=EUR&to=BRL&amount=2000 HTTP/1.1\" 200 20\n","level":"info","service":"user-service"}
{"message":"::1 - - [23/Nov/2019:23:01:13 +0000] \"GET /exchange?from=EUR&to=BRL&amount=2000 HTTP/1.1\" 200 20\n","level":"info","service":"user-service"}
{"message":"::1 - - [23/Nov/2019:23:01:33 +0000] \"GET /exchange?from=EUR&to=BRL&amount=2000 HTTP/1.1\" 200 20\n","level":"info","service":"user-service"}
{"message":"::1 - - [23/Nov/2019:23:01:48 +0000] \"GET /exchange?from=EUR&to=USD&amount=2000 HTTP/1.1\" 200 20\n","level":"info","service":"user-service"}
{"message":"::1 - - [23/Nov/2019:23:02:18 +0000] \"GET /exchange?from=USD&to=BRL&amount=2000 HTTP/1.1\" 200 20\n","level":"info","service":"user-service"}
{"message":"::1 - - [23/Nov/2019:23:02:49 +0000] \"GET /exchange?from=USD&to=BRL&amount=2000 HTTP/1.1\" 200 20\n","level":"info","service":"user-service"}
{"message":"::1 - - [23/Nov/2019:23:03:19 +0000] \"GET /exchange?from=USD&to=EUR&amount=2000 HTTP/1.1\" 200 20\n","level":"info","service":"user-service"}
{"message":"::1 - - [23/Nov/2019:23:03:54 +0000] \"GET /exchange?from=USD&to=BTN&amount=2000 HTTP/1.1\" 200 17\n","level":"info","service":"user-service"}
{"message":"::1 - - [23/Nov/2019:23:13:55 +0000] \"GET /exchange?from=BRL&to=USD&amount=2000 HTTP/1.1\" 200 20\n","level":"info","service":"user-service"}
{"message":"::ffff:172.22.0.1 - - [24/Nov/2019:14:14:02 +0000] \"GET /exchange?from=BRL&to=USD&amount=2000 HTTP/1.1\" 200 14\n","level":"info","service":"user-service"}
{"message":"::ffff:172.22.0.1 - - [24/Nov/2019:14:14:18 +0000] \"GET /exchange?from=BRL&to=EUR&amount=2000 HTTP/1.1\" 200 15\n","level":"info","service":"user-service"}
{"message":"::ffff:172.22.0.1 - - [24/Nov/2019:14:14:28 +0000] \"GET /exchange?from=USD&to=EUR&amount=2000 HTTP/1.1\" 200 15\n","level":"info","service":"user-service"}
{"message":"::1 - - [24/Nov/2019:14:40:38 +0000] \"DELETE /exchange/ETH HTTP/1.1\" 400 31\n","level":"info","service":"user-service"}
{"message":"::1 - - [24/Nov/2019:14:41:54 +0000] \"DELETE /exchange/ETH HTTP/1.1\" 204 -\n","level":"info","service":"user-service"}
{"message":"::1 - - [24/Nov/2019:14:42:05 +0000] \"DELETE /exchange/ETH HTTP/1.1\" 400 31\n","level":"info","service":"user-service"}
{"message":"::1 - - [24/Nov/2019:14:43:16 +0000] \"DELETE /exchange/ETH HTTP/1.1\" 204 -\n","level":"info","service":"user-service"}
